<?xml version="1.0" encoding="UTF-8" ?>
<testsuites errors="0"
            failures="1"
            tests="1">

  <testsuite name="Test"
    errors="0" failures="1" hostname="" id="" package="Test" skipped="0"
    tests="1" time="19.99" timestamp="Mon, 12 Nov 2018 22:20:24 GMT">
  
    <testcase name="Fastest Time Test" classname="Test" time="19.99" assertions="11">

    

    

    

    

    

    

    

      <failure message="Search Verified">    at getTime (C:\Users\atrai\DevMountainClassWork\Projects\DestinyRaidTrackerSolo\Tests\Test.js:11:17)
    at Object.Fastest Time Test (C:\Users\atrai\DevMountainClassWork\Projects\DestinyRaidTrackerSolo\Tests\Test.js:35:5)</failure>

    

      <failure message="Verifying Search">    at getTime (C:\Users\atrai\DevMountainClassWork\Projects\DestinyRaidTrackerSolo\Tests\Test.js:10:10)
    at Object.Fastest Time Test (C:\Users\atrai\DevMountainClassWork\Projects\DestinyRaidTrackerSolo\Tests\Test.js:36:5)</failure>

    
    </testcase>
  

  

  
  </testsuite>
</testsuites>
